{"name": "test_Credkart_login_002", "status": "broken", "statusDetails": {"message": "selenium.common.exceptions.TimeoutException: Message: \nStacktrace:\nSymbols not available. Dumping unresolved backtrace:\n\t0x7ff7f50688e5\n\t0x7ff7f5068940\n\t0x7ff7f4e4165d\n\t0x7ff7f4e99a33\n\t0x7ff7f4e99d3c\n\t0x7ff7f4eedf67\n\t0x7ff7f4eeac97\n\t0x7ff7f4e8ac29\n\t0x7ff7f4e8ba93\n\t0x7ff7f5380640\n\t0x7ff7f537af80\n\t0x7ff7f53996e6\n\t0x7ff7f5085de4\n\t0x7ff7f508ed8c\n\t0x7ff7f5072004\n\t0x7ff7f50721b5\n\t0x7ff7f5057ee2\n\t0x7ffbbebee8d7\n\t0x7ffbbfaec53c", "trace": "self = <testCases.test_Credkart_User_Profile_001.Test_User_Profile object at 0x000002EF8059FED0>\n\n    @allure.title(\"test_Credkart_login_002\")\n    @allure.severity(allure.severity_level.NORMAL)\n    @allure.epic(\"Epic: Userprofile: user login\")\n    @allure.description(\"This testcases is to validate CredKart website  user login\")\n    @allure.link(login_url)\n    @allure.issue(\"user login\")\n    @allure.story(\"CredKart : User login\")\n    @pytest.mark.smoke\n    @pytest.mark.flaky(reruns=1, rerun_delay=1)\n    #@pytest.mark.dependency(depends=[\"test_verify_Credkart_url_001\"])\n    @pytest.mark.order(2)\n    def test_Credkart_login_002(self):\n        self.log.info(\"Testcase test_Credkart_login_002 is started\")\n        self.driver.get(self.login_url)\n        self.log.info(f\"Opening browser and getting {self.login_url}\")\n    \n        # email_id = \"Credencetest@test.com\"\n        # pass_word = \"Credence@123\"\n        self.lp = Login_Page_Class(self.driver) # login page class object and now we can access the methods\n    \n        # Enter Username\n        # email = self.driver.find_element(By.XPATH, \"//input[@id='email']\")\n        # email.send_keys(email_id)\n        self.log.info(f\"Entering the Email {self.email}\")\n>       self.lp.Enter_Email(self.email)\n\ntestCases\\test_Credkart_User_Profile_001.py:109: \n_ _ _ _ _ _ _ _ _ _ _ _ _ _ _ _ _ _ _ _ _ _ _ _ _ _ _ _ _ _ _ _ _ _ _ _ _ _ _ _\npageObjects\\Login_Page.py:18: in Enter_Email\n    self.wait.until(expected_conditions.visibility_of_element_located((By.ID, self.text_email_id)))\n_ _ _ _ _ _ _ _ _ _ _ _ _ _ _ _ _ _ _ _ _ _ _ _ _ _ _ _ _ _ _ _ _ _ _ _ _ _ _ _\n\nself = <selenium.webdriver.support.wait.WebDriverWait (session=\"2e837af632a477c3f136eba91de3906f\")>\nmethod = <function visibility_of_element_located.<locals>._predicate at 0x000002EF80736B60>\nmessage = ''\n\n    def until(self, method: Callable[[D], Literal[False] | T], message: str = \"\") -> T:\n        \"\"\"Wait until the method returns a value that is not False.\n    \n        Calls the method provided with the driver as an argument until the\n        return value does not evaluate to ``False``.\n    \n        Args:\n            method: A callable object that takes a WebDriver instance as an\n                argument.\n            message: Optional message for TimeoutException.\n    \n        Returns:\n            The result of the last call to `method`.\n    \n        Raises:\n            TimeoutException: If 'method' does not return a truthy value within\n                the WebDriverWait object's timeout.\n    \n        Example:\n            >>> from selenium.webdriver.common.by import By\n            >>> from selenium.webdriver.support.ui import WebDriverWait\n            >>> from selenium.webdriver.support import expected_conditions as EC\n            >>>\n            >>> # Wait until an element is visible on the page\n            >>> wait = WebDriverWait(driver, 10)\n            >>> element = wait.until(EC.visibility_of_element_located((By.ID, \"exampleId\")))\n            >>> print(element.text)\n        \"\"\"\n        screen = None\n        stacktrace = None\n    \n        end_time = time.monotonic() + self._timeout\n        while True:\n            try:\n                value = method(self._driver)\n                if value:\n                    return value\n            except self._ignored_exceptions as exc:\n                screen = getattr(exc, \"screen\", None)\n                stacktrace = getattr(exc, \"stacktrace\", None)\n            if time.monotonic() > end_time:\n                break\n            time.sleep(self._poll)\n>       raise TimeoutException(message, screen, stacktrace)\nE       selenium.common.exceptions.TimeoutException: Message: \nE       Stacktrace:\nE       Symbols not available. Dumping unresolved backtrace:\nE       \t0x7ff7f50688e5\nE       \t0x7ff7f5068940\nE       \t0x7ff7f4e4165d\nE       \t0x7ff7f4e99a33\nE       \t0x7ff7f4e99d3c\nE       \t0x7ff7f4eedf67\nE       \t0x7ff7f4eeac97\nE       \t0x7ff7f4e8ac29\nE       \t0x7ff7f4e8ba93\nE       \t0x7ff7f5380640\nE       \t0x7ff7f537af80\nE       \t0x7ff7f53996e6\nE       \t0x7ff7f5085de4\nE       \t0x7ff7f508ed8c\nE       \t0x7ff7f5072004\nE       \t0x7ff7f50721b5\nE       \t0x7ff7f5057ee2\nE       \t0x7ffbbebee8d7\nE       \t0x7ffbbfaec53c\n\n.venv\\Lib\\site-packages\\selenium\\webdriver\\support\\wait.py:121: TimeoutException"}, "description": "This testcases is to validate CredKart website  user login", "attachments": [{"name": "log", "source": "44646484-a3d7-4690-bddb-fe3a8793f4f8-attachment.txt", "type": "text/plain"}, {"name": "stdout", "source": "d607b18c-2ce2-445f-b381-6aff02cfad71-attachment.txt", "type": "text/plain"}], "start": 1769784068170, "stop": 1769784073711, "uuid": "086ab625-1960-4ed8-bded-7fa70943742e", "historyId": "c427c087e16384e881e60caa6190a7db", "testCaseId": "c427c087e16384e881e60caa6190a7db", "fullName": "testCases.test_Credkart_User_Profile_001.Test_User_Profile#test_Credkart_login_002", "labels": [{"name": "severity", "value": "normal"}, {"name": "story", "value": "CredKart : User login"}, {"name": "epic", "value": "Epic: Userprofile: user login"}, {"name": "tag", "value": "smoke"}, {"name": "parentSuite", "value": "testCases"}, {"name": "suite", "value": "test_Credkart_User_Profile_001"}, {"name": "subSuite", "value": "Test_User_Profile"}, {"name": "host", "value": "DELL"}, {"name": "thread", "value": "3888-MainThread"}, {"name": "framework", "value": "pytest"}, {"name": "language", "value": "cpython3"}, {"name": "package", "value": "testCases.test_Credkart_User_Profile_001"}], "links": [{"type": "issue", "url": "user login", "name": "user login"}, {"type": "link", "url": "https://automation.credence.in/login", "name": "https://automation.credence.in/login"}], "titlePath": ["testCases", "test_Credkart_User_Profile_001.py", "Test_User_Profile"]}